<?xml version="1.0" encoding="UTF-8"?>
<testsuite xmlns:xsi="http://www.w3.org/2001/XMLSchema-instance" xsi:noNamespaceSchemaLocation="https://maven.apache.org/surefire/maven-surefire-plugin/xsd/surefire-test-report-3.0.xsd" version="3.0" name="com.yens.AppTest" time="0.015" tests="1" errors="0" skipped="0" failures="0">
  <properties>
    <property name="java.specification.version" value="17"/>
    <property name="sun.cpu.isalist" value="amd64"/>
    <property name="sun.jnu.encoding" value="Cp1252"/>
    <property name="java.class.path" value="C:\Users\topla\Desktop\PROJECTS\mvn\neo4j-plugin-example\target\test-classes;C:\Users\topla\Desktop\PROJECTS\mvn\neo4j-plugin-example\target\classes;C:\Users\topla\.m2\repository\org\neo4j\neo4j\5.20.0\neo4j-5.20.0.jar;C:\Users\topla\.m2\repository\org\neo4j\annotations\5.20.0\annotations-5.20.0.jar;C:\Users\topla\.m2\repository\org\eclipse\collections\eclipse-collections\11.1.0\eclipse-collections-11.1.0.jar;C:\Users\topla\.m2\repository\org\eclipse\collections\eclipse-collections-api\11.1.0\eclipse-collections-api-11.1.0.jar;C:\Users\topla\.m2\repository\org\apache\commons\commons-lang3\3.14.0\commons-lang3-3.14.0.jar;C:\Users\topla\.m2\repository\org\neo4j\neo4j-kernel\5.20.0\neo4j-kernel-5.20.0.jar;C:\Users\topla\.m2\repository\org\neo4j\neo4j-native\5.20.0\neo4j-native-5.20.0.jar;C:\Users\topla\.m2\repository\net\java\dev\jna\jna\5.14.0\jna-5.14.0.jar;C:\Users\topla\.m2\repository\org\neo4j\neo4j-graphdb-api\5.20.0\neo4j-graphdb-api-5.20.0.jar;C:\Users\topla\.m2\repository\org\neo4j\neo4j-kernel-api\5.20.0\neo4j-kernel-api-5.20.0.jar;C:\Users\topla\.m2\repository\org\neo4j\neo4j-monitoring\5.20.0\neo4j-monitoring-5.20.0.jar;C:\Users\topla\.m2\repository\org\neo4j\neo4j-diagnostics\5.20.0\neo4j-diagnostics-5.20.0.jar;C:\Users\topla\.m2\repository\org\neo4j\neo4j-schema\5.20.0\neo4j-schema-5.20.0.jar;C:\Users\topla\.m2\repository\org\neo4j\neo4j-lock\5.20.0\neo4j-lock-5.20.0.jar;C:\Users\topla\.m2\repository\org\neo4j\neo4j-token-api\5.20.0\neo4j-token-api-5.20.0.jar;C:\Users\topla\.m2\repository\org\neo4j\neo4j-storage-engine-util\5.20.0\neo4j-storage-engine-util-5.20.0.jar;C:\Users\topla\.m2\repository\org\neo4j\neo4j-common\5.20.0\neo4j-common-5.20.0.jar;C:\Users\topla\.m2\repository\org\neo4j\neo4j-values\5.20.0\neo4j-values-5.20.0.jar;C:\Users\topla\.m2\repository\org\neo4j\neo4j-unsafe\5.20.0\neo4j-unsafe-5.20.0.jar;C:\Users\topla\.m2\repository\org\neo4j\neo4j-collections\5.20.0\neo4j-collections-5.20.0.jar;C:\Users\topla\.m2\repository\com\github\ben-manes\caffeine\caffeine\3.1.8\caffeine-3.1.8.jar;C:\Users\topla\.m2\repository\org\neo4j\neo4j-io\5.20.0\neo4j-io-5.20.0.jar;C:\Users\topla\.m2\repository\org\neo4j\neo4j-concurrent\5.20.0\neo4j-concurrent-5.20.0.jar;C:\Users\topla\.m2\repository\org\neo4j\neo4j-logging\5.20.0\neo4j-logging-5.20.0.jar;C:\Users\topla\.m2\repository\org\codehaus\jettison\jettison\1.5.4\jettison-1.5.4.jar;C:\Users\topla\.m2\repository\org\apache\logging\log4j\log4j-core\2.20.0\log4j-core-2.20.0.jar;C:\Users\topla\.m2\repository\org\apache\logging\log4j\log4j-layout-template-json\2.20.0\log4j-layout-template-json-2.20.0.jar;C:\Users\topla\.m2\repository\org\neo4j\neo4j-configuration\5.20.0\neo4j-configuration-5.20.0.jar;C:\Users\topla\.m2\repository\com\github\seancfoley\ipaddress\5.5.0\ipaddress-5.5.0.jar;C:\Users\topla\.m2\repository\org\neo4j\neo4j-layout\5.20.0\neo4j-layout-5.20.0.jar;C:\Users\topla\.m2\repository\org\neo4j\neo4j-index\5.20.0\neo4j-index-5.20.0.jar;C:\Users\topla\.m2\repository\org\neo4j\neo4j-spatial-index\5.20.0\neo4j-spatial-index-5.20.0.jar;C:\Users\topla\.m2\repository\org\neo4j\neo4j-id-generator\5.20.0\neo4j-id-generator-5.20.0.jar;C:\Users\topla\.m2\repository\org\neo4j\neo4j-wal\5.20.0\neo4j-wal-5.20.0.jar;C:\Users\topla\.m2\repository\org\neo4j\neo4j-import-util\5.20.0\neo4j-import-util-5.20.0.jar;C:\Users\topla\.m2\repository\org\neo4j\neo4j-csv\5.20.0\neo4j-csv-5.20.0.jar;C:\Users\topla\.m2\repository\org\neo4j\neo4j-cloud\5.20.0\neo4j-cloud-5.20.0.jar;C:\Users\topla\.m2\repository\org\jctools\jctools-core\4.0.3\jctools-core-4.0.3.jar;C:\Users\topla\.m2\repository\org\neo4j\neo4j-fabric\5.20.0\neo4j-fabric-5.20.0.jar;C:\Users\topla\.m2\repository\io\projectreactor\reactor-core\3.6.5\reactor-core-3.6.5.jar;C:\Users\topla\.m2\repository\org\neo4j\neo4j-front-end\5.20.0\neo4j-front-end-5.20.0.jar;C:\Users\topla\.m2\repository\org\neo4j\neo4j-expressions\5.20.0\neo4j-expressions-5.20.0.jar;C:\Users\topla\.m2\repository\org\neo4j\neo4j-notifications\5.20.0\neo4j-notifications-5.20.0.jar;C:\Users\topla\.m2\repository\org\neo4j\neo4j-gql-status\5.20.0\neo4j-gql-status-5.20.0.jar;C:\Users\topla\.m2\repository\org\neo4j\neo4j-cypher-ast-factory\5.20.0\neo4j-cypher-ast-factory-5.20.0.jar;C:\Users\topla\.m2\repository\org\neo4j\neo4j-cypher-cst-factory\5.20.0\neo4j-cypher-cst-factory-5.20.0.jar;C:\Users\topla\.m2\repository\org\neo4j\neo4j-cypher-antlr-parser\5.20.0\neo4j-cypher-antlr-parser-5.20.0.jar;C:\Users\topla\.m2\repository\org\antlr\antlr4-runtime\4.13.1\antlr4-runtime-4.13.1.jar;C:\Users\topla\.m2\repository\org\neo4j\neo4j-cypher-antlr-parser-listener\5.20.0\neo4j-cypher-antlr-parser-listener-5.20.0.jar;C:\Users\topla\.m2\repository\org\neo4j\neo4j-cypher-macros\5.20.0\neo4j-cypher-macros-5.20.0.jar;C:\Users\topla\.m2\repository\org\scala-lang\scala-reflect\2.13.11\scala-reflect-2.13.11.jar;C:\Users\topla\.m2\repository\org\neo4j\neo4j-query-router\5.20.0\neo4j-query-router-5.20.0.jar;C:\Users\topla\.m2\repository\org\neo4j\neo4j-procedure\5.20.0\neo4j-procedure-5.20.0.jar;C:\Users\topla\.m2\repository\org\neo4j\neo4j-procedure-api\5.20.0\neo4j-procedure-api-5.20.0.jar;C:\Users\topla\.m2\repository\org\neo4j\neo4j-codegen\5.20.0\neo4j-codegen-5.20.0.jar;C:\Users\topla\.m2\repository\org\ow2\asm\asm\9.7\asm-9.7.jar;C:\Users\topla\.m2\repository\org\ow2\asm\asm-util\9.7\asm-util-9.7.jar;C:\Users\topla\.m2\repository\org\ow2\asm\asm-analysis\9.7\asm-analysis-9.7.jar;C:\Users\topla\.m2\repository\org\ow2\asm\asm-tree\9.7\asm-tree-9.7.jar;C:\Users\topla\.m2\repository\org\neo4j\neo4j-cypher-expression-evaluator\5.20.0\neo4j-cypher-expression-evaluator-5.20.0.jar;C:\Users\topla\.m2\repository\org\neo4j\neo4j-ast\5.20.0\neo4j-ast-5.20.0.jar;C:\Users\topla\.m2\repository\com\fasterxml\jackson\core\jackson-databind\2.17.0\jackson-databind-2.17.0.jar;C:\Users\topla\.m2\repository\com\fasterxml\jackson\core\jackson-annotations\2.17.0\jackson-annotations-2.17.0.jar;C:\Users\topla\.m2\repository\net\bytebuddy\byte-buddy\1.14.9\byte-buddy-1.14.9.jar;C:\Users\topla\.m2\repository\org\neo4j\neo4j-lucene-index\5.20.0\neo4j-lucene-index-5.20.0.jar;C:\Users\topla\.m2\repository\org\neo4j\neo4j-resource\5.20.0\neo4j-resource-5.20.0.jar;C:\Users\topla\.m2\repository\org\apache\lucene\lucene-analysis-common\9.10.0\lucene-analysis-common-9.10.0.jar;C:\Users\topla\.m2\repository\org\apache\lucene\lucene-core\9.10.0\lucene-core-9.10.0.jar;C:\Users\topla\.m2\repository\org\apache\lucene\lucene-queryparser\9.10.0\lucene-queryparser-9.10.0.jar;C:\Users\topla\.m2\repository\org\apache\lucene\lucene-backward-codecs\9.10.0\lucene-backward-codecs-9.10.0.jar;C:\Users\topla\.m2\repository\org\neo4j\neo4j-fulltext-index\5.20.0\neo4j-fulltext-index-5.20.0.jar;C:\Users\topla\.m2\repository\org\neo4j\neo4j-graph-algo\5.20.0\neo4j-graph-algo-5.20.0.jar;C:\Users\topla\.m2\repository\org\neo4j\neo4j-cypher-runtime-util\5.20.0\neo4j-cypher-runtime-util-5.20.0.jar;C:\Users\topla\.m2\repository\org\neo4j\neo4j-cypher-logical-plans\5.20.0\neo4j-cypher-logical-plans-5.20.0.jar;C:\Users\topla\.m2\repository\org\neo4j\neo4j-data-collector\5.20.0\neo4j-data-collector-5.20.0.jar;C:\Users\topla\.m2\repository\org\neo4j\neo4j-rewriting\5.20.0\neo4j-rewriting-5.20.0.jar;C:\Users\topla\.m2\repository\org\neo4j\neo4j-cypher\5.20.0\neo4j-cypher-5.20.0.jar;C:\Users\topla\.m2\repository\org\scala-lang\scala-library\2.13.11\scala-library-2.13.11.jar;C:\Users\topla\.m2\repository\org\neo4j\neo4j-cypher-physical-planning\5.20.0\neo4j-cypher-physical-planning-5.20.0.jar;C:\Users\topla\.m2\repository\org\neo4j\neo4j-exceptions\5.20.0\neo4j-exceptions-5.20.0.jar;C:\Users\topla\.m2\repository\org\neo4j\neo4j-util\5.20.0\neo4j-util-5.20.0.jar;C:\Users\topla\.m2\repository\org\neo4j\neo4j-cypher-config\5.20.0\neo4j-cypher-config-5.20.0.jar;C:\Users\topla\.m2\repository\com\softwaremill\magnolia1_2\magnolia_2.13\1.1.8\magnolia_2.13-1.1.8.jar;C:\Users\topla\.m2\repository\org\neo4j\neo4j-cypher-cache\5.20.0\neo4j-cypher-cache-5.20.0.jar;C:\Users\topla\.m2\repository\org\neo4j\neo4j-cypher-planner\5.20.0\neo4j-cypher-planner-5.20.0.jar;C:\Users\topla\.m2\repository\org\scala-lang\modules\scala-collection-contrib_2.13\0.3.0\scala-collection-contrib_2.13-0.3.0.jar;C:\Users\topla\.m2\repository\org\neo4j\neo4j-cypher-ir\5.20.0\neo4j-cypher-ir-5.20.0.jar;C:\Users\topla\.m2\repository\org\neo4j\neo4j-cypher-javacc-parser\5.20.0\neo4j-cypher-javacc-parser-5.20.0.jar;C:\Users\topla\.m2\repository\org\neo4j\cypher-ast-factory\5.20.0\cypher-ast-factory-5.20.0.jar;C:\Users\topla\.m2\repository\org\neo4j\neo4j-cypher-rendering\5.20.0\neo4j-cypher-rendering-5.20.0.jar;C:\Users\topla\.m2\repository\org\neo4j\neo4j-cypher-planner-spi\5.20.0\neo4j-cypher-planner-spi-5.20.0.jar;C:\Users\topla\.m2\repository\org\neo4j\neo4j-cypher-interpreted-runtime\5.20.0\neo4j-cypher-interpreted-runtime-5.20.0.jar;C:\Users\topla\.m2\repository\org\neo4j\neo4j-cypher-slotted-runtime\5.20.0\neo4j-cypher-slotted-runtime-5.20.0.jar;C:\Users\topla\.m2\repository\org\apache\shiro\shiro-core\2.0.0\shiro-core-2.0.0.jar;C:\Users\topla\.m2\repository\org\apache\shiro\shiro-lang\2.0.0\shiro-lang-2.0.0.jar;C:\Users\topla\.m2\repository\org\apache\shiro\shiro-cache\2.0.0\shiro-cache-2.0.0.jar;C:\Users\topla\.m2\repository\org\apache\shiro\shiro-crypto-hash\2.0.0\shiro-crypto-hash-2.0.0.jar;C:\Users\topla\.m2\repository\org\apache\shiro\shiro-crypto-core\2.0.0\shiro-crypto-core-2.0.0.jar;C:\Users\topla\.m2\repository\org\apache\shiro\crypto\shiro-hashes-argon2\2.0.0\shiro-hashes-argon2-2.0.0.jar;C:\Users\topla\.m2\repository\org\apache\shiro\crypto\shiro-hashes-bcrypt\2.0.0\shiro-hashes-bcrypt-2.0.0.jar;C:\Users\topla\.m2\repository\org\apache\shiro\shiro-crypto-cipher\2.0.0\shiro-crypto-cipher-2.0.0.jar;C:\Users\topla\.m2\repository\org\apache\shiro\shiro-config-core\2.0.0\shiro-config-core-2.0.0.jar;C:\Users\topla\.m2\repository\org\apache\shiro\shiro-event\2.0.0\shiro-event-2.0.0.jar;C:\Users\topla\.m2\repository\commons-codec\commons-codec\1.16.1\commons-codec-1.16.1.jar;C:\Users\topla\.m2\repository\org\bitbucket\inkytonik\kiama\kiama_2.13\2.5.1\kiama_2.13-2.5.1.jar;C:\Users\topla\.m2\repository\org\neo4j\neo4j-security\5.20.0\neo4j-security-5.20.0.jar;C:\Users\topla\.m2\repository\org\neo4j\neo4j-command-line\5.20.0\neo4j-command-line-5.20.0.jar;C:\Users\topla\.m2\repository\info\picocli\picocli\4.7.5\picocli-4.7.5.jar;C:\Users\topla\.m2\repository\org\neo4j\neo4j-bolt\5.20.0\neo4j-bolt-5.20.0.jar;C:\Users\topla\.m2\repository\org\neo4j\neo4j-ssl\5.20.0\neo4j-ssl-5.20.0.jar;C:\Users\topla\.m2\repository\org\neo4j\server-api\5.20.0\server-api-5.20.0.jar;C:\Users\topla\.m2\repository\jakarta\ws\rs\jakarta.ws.rs-api\2.1.6\jakarta.ws.rs-api-2.1.6.jar;C:\Users\topla\.m2\repository\io\netty\netty-codec-http\4.1.109.Final\netty-codec-http-4.1.109.Final.jar;C:\Users\topla\.m2\repository\io\netty\netty-common\4.1.109.Final\netty-common-4.1.109.Final.jar;C:\Users\topla\.m2\repository\io\netty\netty-buffer\4.1.109.Final\netty-buffer-4.1.109.Final.jar;C:\Users\topla\.m2\repository\io\netty\netty-transport\4.1.109.Final\netty-transport-4.1.109.Final.jar;C:\Users\topla\.m2\repository\io\netty\netty-codec\4.1.109.Final\netty-codec-4.1.109.Final.jar;C:\Users\topla\.m2\repository\io\netty\netty-transport-native-epoll\4.1.109.Final\netty-transport-native-epoll-4.1.109.Final-linux-x86_64.jar;C:\Users\topla\.m2\repository\io\netty\netty-transport-native-unix-common\4.1.109.Final\netty-transport-native-unix-common-4.1.109.Final.jar;C:\Users\topla\.m2\repository\io\netty\netty-transport-classes-epoll\4.1.109.Final\netty-transport-classes-epoll-4.1.109.Final.jar;C:\Users\topla\.m2\repository\io\netty\netty-transport-native-epoll\4.1.109.Final\netty-transport-native-epoll-4.1.109.Final-linux-aarch_64.jar;C:\Users\topla\.m2\repository\io\netty\netty-transport-native-kqueue\4.1.109.Final\netty-transport-native-kqueue-4.1.109.Final-osx-x86_64.jar;C:\Users\topla\.m2\repository\io\netty\netty-transport-classes-kqueue\4.1.109.Final\netty-transport-classes-kqueue-4.1.109.Final.jar;C:\Users\topla\.m2\repository\io\netty\netty-transport-native-kqueue\4.1.109.Final\netty-transport-native-kqueue-4.1.109.Final-osx-aarch_64.jar;C:\Users\topla\.m2\repository\org\neo4j\neo4j-consistency-check\5.20.0\neo4j-consistency-check-5.20.0.jar;C:\Users\topla\.m2\repository\org\neo4j\neo4j-record-storage-engine\5.20.0\neo4j-record-storage-engine-5.20.0.jar;C:\Users\topla\.m2\repository\commons-io\commons-io\2.16.0\commons-io-2.16.0.jar;C:\Users\topla\.m2\repository\org\neo4j\neo4j-dbms\5.20.0\neo4j-dbms-5.20.0.jar;C:\Users\topla\.m2\repository\org\jprocesses\jProcesses\1.6.5\jProcesses-1.6.5.jar;C:\Users\topla\.m2\repository\com\profesorfalken\WMI4Java\1.6.3\WMI4Java-1.6.3.jar;C:\Users\topla\.m2\repository\com\profesorfalken\jPowerShell\3.0\jPowerShell-3.0.jar;C:\Users\topla\.m2\repository\org\apache\commons\commons-compress\1.26.1\commons-compress-1.26.1.jar;C:\Users\topla\.m2\repository\org\apache\commons\commons-text\1.11.0\commons-text-1.11.0.jar;C:\Users\topla\.m2\repository\org\apache\commons\commons-configuration2\2.10.1\commons-configuration2-2.10.1.jar;C:\Users\topla\.m2\repository\commons-logging\commons-logging\1.3.0\commons-logging-1.3.0.jar;C:\Users\topla\.m2\repository\org\neo4j\licensing-proxy\zstd-proxy\5.20.0\zstd-proxy-5.20.0.jar;C:\Users\topla\.m2\repository\com\github\luben\zstd-jni\1.5.6-2\zstd-jni-1.5.6-2.jar;C:\Users\topla\.m2\repository\org\neo4j\neo4j-import-tool\5.20.0\neo4j-import-tool-5.20.0.jar;C:\Users\topla\.m2\repository\org\neo4j\app\neo4j-server\5.20.0\neo4j-server-5.20.0.jar;C:\Users\topla\.m2\repository\org\eclipse\jetty\jetty-server\10.0.20\jetty-server-10.0.20.jar;C:\Users\topla\.m2\repository\org\eclipse\jetty\jetty-http\10.0.20\jetty-http-10.0.20.jar;C:\Users\topla\.m2\repository\org\eclipse\jetty\jetty-util\10.0.20\jetty-util-10.0.20.jar;C:\Users\topla\.m2\repository\org\eclipse\jetty\jetty-io\10.0.20\jetty-io-10.0.20.jar;C:\Users\topla\.m2\repository\org\eclipse\jetty\toolchain\jetty-servlet-api\4.0.6\jetty-servlet-api-4.0.6.jar;C:\Users\topla\.m2\repository\org\eclipse\jetty\http2\http2-server\10.0.20\http2-server-10.0.20.jar;C:\Users\topla\.m2\repository\org\eclipse\jetty\http2\http2-common\10.0.20\http2-common-10.0.20.jar;C:\Users\topla\.m2\repository\org\eclipse\jetty\http2\http2-hpack\10.0.20\http2-hpack-10.0.20.jar;C:\Users\topla\.m2\repository\org\eclipse\jetty\jetty-alpn-server\10.0.20\jetty-alpn-server-10.0.20.jar;C:\Users\topla\.m2\repository\org\eclipse\jetty\jetty-alpn-java-server\10.0.20\jetty-alpn-java-server-10.0.20.jar;C:\Users\topla\.m2\repository\org\eclipse\jetty\jetty-webapp\10.0.20\jetty-webapp-10.0.20.jar;C:\Users\topla\.m2\repository\org\eclipse\jetty\jetty-servlet\10.0.20\jetty-servlet-10.0.20.jar;C:\Users\topla\.m2\repository\org\eclipse\jetty\jetty-security\10.0.20\jetty-security-10.0.20.jar;C:\Users\topla\.m2\repository\org\eclipse\jetty\jetty-xml\10.0.20\jetty-xml-10.0.20.jar;C:\Users\topla\.m2\repository\org\glassfish\jersey\inject\jersey-hk2\2.34\jersey-hk2-2.34.jar;C:\Users\topla\.m2\repository\org\glassfish\jersey\core\jersey-common\2.34\jersey-common-2.34.jar;C:\Users\topla\.m2\repository\jakarta\annotation\jakarta.annotation-api\1.3.5\jakarta.annotation-api-1.3.5.jar;C:\Users\topla\.m2\repository\org\glassfish\hk2\external\jakarta.inject\2.6.1\jakarta.inject-2.6.1.jar;C:\Users\topla\.m2\repository\org\glassfish\hk2\hk2-locator\2.6.1\hk2-locator-2.6.1.jar;C:\Users\topla\.m2\repository\org\glassfish\hk2\hk2-api\2.6.1\hk2-api-2.6.1.jar;C:\Users\topla\.m2\repository\org\glassfish\hk2\hk2-utils\2.6.1\hk2-utils-2.6.1.jar;C:\Users\topla\.m2\repository\org\javassist\javassist\3.25.0-GA\javassist-3.25.0-GA.jar;C:\Users\topla\.m2\repository\org\glassfish\jersey\containers\jersey-container-servlet\2.34\jersey-container-servlet-2.34.jar;C:\Users\topla\.m2\repository\org\glassfish\jersey\containers\jersey-container-servlet-core\2.34\jersey-container-servlet-core-2.34.jar;C:\Users\topla\.m2\repository\org\glassfish\jersey\core\jersey-server\2.34\jersey-server-2.34.jar;C:\Users\topla\.m2\repository\org\glassfish\jersey\core\jersey-client\2.34\jersey-client-2.34.jar;C:\Users\topla\.m2\repository\jakarta\validation\jakarta.validation-api\2.0.2\jakarta.validation-api-2.0.2.jar;C:\Users\topla\.m2\repository\com\fasterxml\jackson\core\jackson-core\2.17.0\jackson-core-2.17.0.jar;C:\Users\topla\.m2\repository\com\fasterxml\jackson\jaxrs\jackson-jaxrs-json-provider\2.17.0\jackson-jaxrs-json-provider-2.17.0.jar;C:\Users\topla\.m2\repository\com\fasterxml\jackson\jaxrs\jackson-jaxrs-base\2.17.0\jackson-jaxrs-base-2.17.0.jar;C:\Users\topla\.m2\repository\com\fasterxml\jackson\module\jackson-module-jaxb-annotations\2.17.0\jackson-module-jaxb-annotations-2.17.0.jar;C:\Users\topla\.m2\repository\org\glassfish\jaxb\jaxb-runtime\2.3.2\jaxb-runtime-2.3.2.jar;C:\Users\topla\.m2\repository\org\glassfish\jaxb\txw2\2.3.2\txw2-2.3.2.jar;C:\Users\topla\.m2\repository\com\sun\istack\istack-commons-runtime\3.0.8\istack-commons-runtime-3.0.8.jar;C:\Users\topla\.m2\repository\org\jvnet\staxex\stax-ex\1.8.1\stax-ex-1.8.1.jar;C:\Users\topla\.m2\repository\com\sun\xml\fastinfoset\FastInfoset\1.2.16\FastInfoset-1.2.16.jar;C:\Users\topla\.m2\repository\jakarta\activation\jakarta.activation-api\1.2.1\jakarta.activation-api-1.2.1.jar;C:\Users\topla\.m2\repository\jakarta\xml\bind\jakarta.xml.bind-api\2.3.2\jakarta.xml.bind-api-2.3.2.jar;C:\Users\topla\.m2\repository\org\apache\arrow\flight-core\15.0.2\flight-core-15.0.2.jar;C:\Users\topla\.m2\repository\org\apache\arrow\arrow-format\15.0.2\arrow-format-15.0.2.jar;C:\Users\topla\.m2\repository\com\google\flatbuffers\flatbuffers-java\23.5.26\flatbuffers-java-23.5.26.jar;C:\Users\topla\.m2\repository\org\apache\arrow\arrow-vector\15.0.2\arrow-vector-15.0.2.jar;C:\Users\topla\.m2\repository\com\fasterxml\jackson\datatype\jackson-datatype-jsr310\2.16.0\jackson-datatype-jsr310-2.16.0.jar;C:\Users\topla\.m2\repository\org\apache\arrow\arrow-memory-core\15.0.2\arrow-memory-core-15.0.2.jar;C:\Users\topla\.m2\repository\org\apache\arrow\arrow-memory-netty\15.0.2\arrow-memory-netty-15.0.2.jar;C:\Users\topla\.m2\repository\io\netty\netty-tcnative-boringssl-static\2.0.61.Final\netty-tcnative-boringssl-static-2.0.61.Final.jar;C:\Users\topla\.m2\repository\io\netty\netty-tcnative-boringssl-static\2.0.61.Final\netty-tcnative-boringssl-static-2.0.61.Final-linux-x86_64.jar;C:\Users\topla\.m2\repository\io\netty\netty-tcnative-boringssl-static\2.0.61.Final\netty-tcnative-boringssl-static-2.0.61.Final-linux-aarch_64.jar;C:\Users\topla\.m2\repository\io\netty\netty-tcnative-boringssl-static\2.0.61.Final\netty-tcnative-boringssl-static-2.0.61.Final-osx-x86_64.jar;C:\Users\topla\.m2\repository\io\netty\netty-tcnative-boringssl-static\2.0.61.Final\netty-tcnative-boringssl-static-2.0.61.Final-osx-aarch_64.jar;C:\Users\topla\.m2\repository\io\netty\netty-tcnative-boringssl-static\2.0.61.Final\netty-tcnative-boringssl-static-2.0.61.Final-windows-x86_64.jar;C:\Users\topla\.m2\repository\com\google\guava\guava\33.0.0-jre\guava-33.0.0-jre.jar;C:\Users\topla\.m2\repository\com\google\guava\failureaccess\1.0.2\failureaccess-1.0.2.jar;C:\Users\topla\.m2\repository\com\google\guava\listenablefuture\9999.0-empty-to-avoid-conflict-with-guava\listenablefuture-9999.0-empty-to-avoid-conflict-with-guava.jar;C:\Users\topla\.m2\repository\com\google\protobuf\protobuf-java\3.23.1\protobuf-java-3.23.1.jar;C:\Users\topla\.m2\repository\io\grpc\grpc-api\1.62.2\grpc-api-1.62.2.jar;C:\Users\topla\.m2\repository\com\google\code\findbugs\jsr305\3.0.2\jsr305-3.0.2.jar;C:\Users\topla\.m2\repository\io\grpc\grpc-context\1.62.2\grpc-context-1.62.2.jar;C:\Users\topla\.m2\repository\io\grpc\grpc-core\1.62.2\grpc-core-1.62.2.jar;C:\Users\topla\.m2\repository\com\google\code\gson\gson\2.10.1\gson-2.10.1.jar;C:\Users\topla\.m2\repository\io\perfmark\perfmark-api\0.26.0\perfmark-api-0.26.0.jar;C:\Users\topla\.m2\repository\io\grpc\grpc-netty\1.62.2\grpc-netty-1.62.2.jar;C:\Users\topla\.m2\repository\io\netty\netty-handler-proxy\4.1.100.Final\netty-handler-proxy-4.1.100.Final.jar;C:\Users\topla\.m2\repository\io\netty\netty-codec-socks\4.1.100.Final\netty-codec-socks-4.1.100.Final.jar;C:\Users\topla\.m2\repository\io\grpc\grpc-util\1.62.2\grpc-util-1.62.2.jar;C:\Users\topla\.m2\repository\org\codehaus\mojo\animal-sniffer-annotations\1.23\animal-sniffer-annotations-1.23.jar;C:\Users\topla\.m2\repository\io\grpc\grpc-protobuf\1.62.2\grpc-protobuf-1.62.2.jar;C:\Users\topla\.m2\repository\com\google\api\grpc\proto-google-common-protos\2.29.0\proto-google-common-protos-2.29.0.jar;C:\Users\topla\.m2\repository\io\grpc\grpc-protobuf-lite\1.62.2\grpc-protobuf-lite-1.62.2.jar;C:\Users\topla\.m2\repository\io\grpc\grpc-stub\1.62.2\grpc-stub-1.62.2.jar;C:\Users\topla\.m2\repository\io\netty\netty-codec-http2\4.1.109.Final\netty-codec-http2-4.1.109.Final.jar;C:\Users\topla\.m2\repository\org\neo4j\neo4j-capabilities\5.20.0\neo4j-capabilities-5.20.0.jar;C:\Users\topla\.m2\repository\org\neo4j\neo4j-slf4j-provider\5.20.0\neo4j-slf4j-provider-5.20.0.jar;C:\Users\topla\.m2\repository\org\slf4j\slf4j-api\2.0.9\slf4j-api-2.0.9.jar;C:\Users\topla\.m2\repository\org\apache\logging\log4j\log4j-api\2.20.0\log4j-api-2.20.0.jar;C:\Users\topla\.m2\repository\org\neo4j\neo4j-udc\5.20.0\neo4j-udc-5.20.0.jar;C:\Users\topla\.m2\repository\org\neo4j\driver\neo4j-java-driver\5.20.0\neo4j-java-driver-5.20.0.jar;C:\Users\topla\.m2\repository\org\reactivestreams\reactive-streams\1.0.4\reactive-streams-1.0.4.jar;C:\Users\topla\.m2\repository\io\netty\netty-handler\4.1.109.Final\netty-handler-4.1.109.Final.jar;C:\Users\topla\.m2\repository\io\netty\netty-resolver\4.1.109.Final\netty-resolver-4.1.109.Final.jar;C:\Users\topla\.m2\repository\io\netty\netty-tcnative-classes\2.0.65.Final\netty-tcnative-classes-2.0.65.Final.jar;C:\Users\topla\.m2\repository\junit\junit\3.8.1\junit-3.8.1.jar;"/>
    <property name="java.vm.vendor" value="Oracle Corporation"/>
    <property name="sun.arch.data.model" value="64"/>
    <property name="user.variant" value=""/>
    <property name="java.vendor.url" value="https://java.oracle.com/"/>
    <property name="user.timezone" value="Asia/Tbilisi"/>
    <property name="os.name" value="Windows 11"/>
    <property name="java.vm.specification.version" value="17"/>
    <property name="sun.java.launcher" value="SUN_STANDARD"/>
    <property name="user.country" value="US"/>
    <property name="sun.boot.library.path" value="C:\Program Files\Java\jdk-17\bin"/>
    <property name="sun.java.command" value="C:\Users\topla\AppData\Local\Temp\surefire3052774082866412383\surefirebooter-20240901215637867_3.jar C:\Users\topla\AppData\Local\Temp\surefire3052774082866412383 2024-09-01T21-56-37_760-jvmRun1 surefire-20240901215637867_1tmp surefire_0-20240901215637867_2tmp"/>
    <property name="jdk.debug" value="release"/>
    <property name="surefire.test.class.path" value="C:\Users\topla\Desktop\PROJECTS\mvn\neo4j-plugin-example\target\test-classes;C:\Users\topla\Desktop\PROJECTS\mvn\neo4j-plugin-example\target\classes;C:\Users\topla\.m2\repository\org\neo4j\neo4j\5.20.0\neo4j-5.20.0.jar;C:\Users\topla\.m2\repository\org\neo4j\annotations\5.20.0\annotations-5.20.0.jar;C:\Users\topla\.m2\repository\org\eclipse\collections\eclipse-collections\11.1.0\eclipse-collections-11.1.0.jar;C:\Users\topla\.m2\repository\org\eclipse\collections\eclipse-collections-api\11.1.0\eclipse-collections-api-11.1.0.jar;C:\Users\topla\.m2\repository\org\apache\commons\commons-lang3\3.14.0\commons-lang3-3.14.0.jar;C:\Users\topla\.m2\repository\org\neo4j\neo4j-kernel\5.20.0\neo4j-kernel-5.20.0.jar;C:\Users\topla\.m2\repository\org\neo4j\neo4j-native\5.20.0\neo4j-native-5.20.0.jar;C:\Users\topla\.m2\repository\net\java\dev\jna\jna\5.14.0\jna-5.14.0.jar;C:\Users\topla\.m2\repository\org\neo4j\neo4j-graphdb-api\5.20.0\neo4j-graphdb-api-5.20.0.jar;C:\Users\topla\.m2\repository\org\neo4j\neo4j-kernel-api\5.20.0\neo4j-kernel-api-5.20.0.jar;C:\Users\topla\.m2\repository\org\neo4j\neo4j-monitoring\5.20.0\neo4j-monitoring-5.20.0.jar;C:\Users\topla\.m2\repository\org\neo4j\neo4j-diagnostics\5.20.0\neo4j-diagnostics-5.20.0.jar;C:\Users\topla\.m2\repository\org\neo4j\neo4j-schema\5.20.0\neo4j-schema-5.20.0.jar;C:\Users\topla\.m2\repository\org\neo4j\neo4j-lock\5.20.0\neo4j-lock-5.20.0.jar;C:\Users\topla\.m2\repository\org\neo4j\neo4j-token-api\5.20.0\neo4j-token-api-5.20.0.jar;C:\Users\topla\.m2\repository\org\neo4j\neo4j-storage-engine-util\5.20.0\neo4j-storage-engine-util-5.20.0.jar;C:\Users\topla\.m2\repository\org\neo4j\neo4j-common\5.20.0\neo4j-common-5.20.0.jar;C:\Users\topla\.m2\repository\org\neo4j\neo4j-values\5.20.0\neo4j-values-5.20.0.jar;C:\Users\topla\.m2\repository\org\neo4j\neo4j-unsafe\5.20.0\neo4j-unsafe-5.20.0.jar;C:\Users\topla\.m2\repository\org\neo4j\neo4j-collections\5.20.0\neo4j-collections-5.20.0.jar;C:\Users\topla\.m2\repository\com\github\ben-manes\caffeine\caffeine\3.1.8\caffeine-3.1.8.jar;C:\Users\topla\.m2\repository\org\neo4j\neo4j-io\5.20.0\neo4j-io-5.20.0.jar;C:\Users\topla\.m2\repository\org\neo4j\neo4j-concurrent\5.20.0\neo4j-concurrent-5.20.0.jar;C:\Users\topla\.m2\repository\org\neo4j\neo4j-logging\5.20.0\neo4j-logging-5.20.0.jar;C:\Users\topla\.m2\repository\org\codehaus\jettison\jettison\1.5.4\jettison-1.5.4.jar;C:\Users\topla\.m2\repository\org\apache\logging\log4j\log4j-core\2.20.0\log4j-core-2.20.0.jar;C:\Users\topla\.m2\repository\org\apache\logging\log4j\log4j-layout-template-json\2.20.0\log4j-layout-template-json-2.20.0.jar;C:\Users\topla\.m2\repository\org\neo4j\neo4j-configuration\5.20.0\neo4j-configuration-5.20.0.jar;C:\Users\topla\.m2\repository\com\github\seancfoley\ipaddress\5.5.0\ipaddress-5.5.0.jar;C:\Users\topla\.m2\repository\org\neo4j\neo4j-layout\5.20.0\neo4j-layout-5.20.0.jar;C:\Users\topla\.m2\repository\org\neo4j\neo4j-index\5.20.0\neo4j-index-5.20.0.jar;C:\Users\topla\.m2\repository\org\neo4j\neo4j-spatial-index\5.20.0\neo4j-spatial-index-5.20.0.jar;C:\Users\topla\.m2\repository\org\neo4j\neo4j-id-generator\5.20.0\neo4j-id-generator-5.20.0.jar;C:\Users\topla\.m2\repository\org\neo4j\neo4j-wal\5.20.0\neo4j-wal-5.20.0.jar;C:\Users\topla\.m2\repository\org\neo4j\neo4j-import-util\5.20.0\neo4j-import-util-5.20.0.jar;C:\Users\topla\.m2\repository\org\neo4j\neo4j-csv\5.20.0\neo4j-csv-5.20.0.jar;C:\Users\topla\.m2\repository\org\neo4j\neo4j-cloud\5.20.0\neo4j-cloud-5.20.0.jar;C:\Users\topla\.m2\repository\org\jctools\jctools-core\4.0.3\jctools-core-4.0.3.jar;C:\Users\topla\.m2\repository\org\neo4j\neo4j-fabric\5.20.0\neo4j-fabric-5.20.0.jar;C:\Users\topla\.m2\repository\io\projectreactor\reactor-core\3.6.5\reactor-core-3.6.5.jar;C:\Users\topla\.m2\repository\org\neo4j\neo4j-front-end\5.20.0\neo4j-front-end-5.20.0.jar;C:\Users\topla\.m2\repository\org\neo4j\neo4j-expressions\5.20.0\neo4j-expressions-5.20.0.jar;C:\Users\topla\.m2\repository\org\neo4j\neo4j-notifications\5.20.0\neo4j-notifications-5.20.0.jar;C:\Users\topla\.m2\repository\org\neo4j\neo4j-gql-status\5.20.0\neo4j-gql-status-5.20.0.jar;C:\Users\topla\.m2\repository\org\neo4j\neo4j-cypher-ast-factory\5.20.0\neo4j-cypher-ast-factory-5.20.0.jar;C:\Users\topla\.m2\repository\org\neo4j\neo4j-cypher-cst-factory\5.20.0\neo4j-cypher-cst-factory-5.20.0.jar;C:\Users\topla\.m2\repository\org\neo4j\neo4j-cypher-antlr-parser\5.20.0\neo4j-cypher-antlr-parser-5.20.0.jar;C:\Users\topla\.m2\repository\org\antlr\antlr4-runtime\4.13.1\antlr4-runtime-4.13.1.jar;C:\Users\topla\.m2\repository\org\neo4j\neo4j-cypher-antlr-parser-listener\5.20.0\neo4j-cypher-antlr-parser-listener-5.20.0.jar;C:\Users\topla\.m2\repository\org\neo4j\neo4j-cypher-macros\5.20.0\neo4j-cypher-macros-5.20.0.jar;C:\Users\topla\.m2\repository\org\scala-lang\scala-reflect\2.13.11\scala-reflect-2.13.11.jar;C:\Users\topla\.m2\repository\org\neo4j\neo4j-query-router\5.20.0\neo4j-query-router-5.20.0.jar;C:\Users\topla\.m2\repository\org\neo4j\neo4j-procedure\5.20.0\neo4j-procedure-5.20.0.jar;C:\Users\topla\.m2\repository\org\neo4j\neo4j-procedure-api\5.20.0\neo4j-procedure-api-5.20.0.jar;C:\Users\topla\.m2\repository\org\neo4j\neo4j-codegen\5.20.0\neo4j-codegen-5.20.0.jar;C:\Users\topla\.m2\repository\org\ow2\asm\asm\9.7\asm-9.7.jar;C:\Users\topla\.m2\repository\org\ow2\asm\asm-util\9.7\asm-util-9.7.jar;C:\Users\topla\.m2\repository\org\ow2\asm\asm-analysis\9.7\asm-analysis-9.7.jar;C:\Users\topla\.m2\repository\org\ow2\asm\asm-tree\9.7\asm-tree-9.7.jar;C:\Users\topla\.m2\repository\org\neo4j\neo4j-cypher-expression-evaluator\5.20.0\neo4j-cypher-expression-evaluator-5.20.0.jar;C:\Users\topla\.m2\repository\org\neo4j\neo4j-ast\5.20.0\neo4j-ast-5.20.0.jar;C:\Users\topla\.m2\repository\com\fasterxml\jackson\core\jackson-databind\2.17.0\jackson-databind-2.17.0.jar;C:\Users\topla\.m2\repository\com\fasterxml\jackson\core\jackson-annotations\2.17.0\jackson-annotations-2.17.0.jar;C:\Users\topla\.m2\repository\net\bytebuddy\byte-buddy\1.14.9\byte-buddy-1.14.9.jar;C:\Users\topla\.m2\repository\org\neo4j\neo4j-lucene-index\5.20.0\neo4j-lucene-index-5.20.0.jar;C:\Users\topla\.m2\repository\org\neo4j\neo4j-resource\5.20.0\neo4j-resource-5.20.0.jar;C:\Users\topla\.m2\repository\org\apache\lucene\lucene-analysis-common\9.10.0\lucene-analysis-common-9.10.0.jar;C:\Users\topla\.m2\repository\org\apache\lucene\lucene-core\9.10.0\lucene-core-9.10.0.jar;C:\Users\topla\.m2\repository\org\apache\lucene\lucene-queryparser\9.10.0\lucene-queryparser-9.10.0.jar;C:\Users\topla\.m2\repository\org\apache\lucene\lucene-backward-codecs\9.10.0\lucene-backward-codecs-9.10.0.jar;C:\Users\topla\.m2\repository\org\neo4j\neo4j-fulltext-index\5.20.0\neo4j-fulltext-index-5.20.0.jar;C:\Users\topla\.m2\repository\org\neo4j\neo4j-graph-algo\5.20.0\neo4j-graph-algo-5.20.0.jar;C:\Users\topla\.m2\repository\org\neo4j\neo4j-cypher-runtime-util\5.20.0\neo4j-cypher-runtime-util-5.20.0.jar;C:\Users\topla\.m2\repository\org\neo4j\neo4j-cypher-logical-plans\5.20.0\neo4j-cypher-logical-plans-5.20.0.jar;C:\Users\topla\.m2\repository\org\neo4j\neo4j-data-collector\5.20.0\neo4j-data-collector-5.20.0.jar;C:\Users\topla\.m2\repository\org\neo4j\neo4j-rewriting\5.20.0\neo4j-rewriting-5.20.0.jar;C:\Users\topla\.m2\repository\org\neo4j\neo4j-cypher\5.20.0\neo4j-cypher-5.20.0.jar;C:\Users\topla\.m2\repository\org\scala-lang\scala-library\2.13.11\scala-library-2.13.11.jar;C:\Users\topla\.m2\repository\org\neo4j\neo4j-cypher-physical-planning\5.20.0\neo4j-cypher-physical-planning-5.20.0.jar;C:\Users\topla\.m2\repository\org\neo4j\neo4j-exceptions\5.20.0\neo4j-exceptions-5.20.0.jar;C:\Users\topla\.m2\repository\org\neo4j\neo4j-util\5.20.0\neo4j-util-5.20.0.jar;C:\Users\topla\.m2\repository\org\neo4j\neo4j-cypher-config\5.20.0\neo4j-cypher-config-5.20.0.jar;C:\Users\topla\.m2\repository\com\softwaremill\magnolia1_2\magnolia_2.13\1.1.8\magnolia_2.13-1.1.8.jar;C:\Users\topla\.m2\repository\org\neo4j\neo4j-cypher-cache\5.20.0\neo4j-cypher-cache-5.20.0.jar;C:\Users\topla\.m2\repository\org\neo4j\neo4j-cypher-planner\5.20.0\neo4j-cypher-planner-5.20.0.jar;C:\Users\topla\.m2\repository\org\scala-lang\modules\scala-collection-contrib_2.13\0.3.0\scala-collection-contrib_2.13-0.3.0.jar;C:\Users\topla\.m2\repository\org\neo4j\neo4j-cypher-ir\5.20.0\neo4j-cypher-ir-5.20.0.jar;C:\Users\topla\.m2\repository\org\neo4j\neo4j-cypher-javacc-parser\5.20.0\neo4j-cypher-javacc-parser-5.20.0.jar;C:\Users\topla\.m2\repository\org\neo4j\cypher-ast-factory\5.20.0\cypher-ast-factory-5.20.0.jar;C:\Users\topla\.m2\repository\org\neo4j\neo4j-cypher-rendering\5.20.0\neo4j-cypher-rendering-5.20.0.jar;C:\Users\topla\.m2\repository\org\neo4j\neo4j-cypher-planner-spi\5.20.0\neo4j-cypher-planner-spi-5.20.0.jar;C:\Users\topla\.m2\repository\org\neo4j\neo4j-cypher-interpreted-runtime\5.20.0\neo4j-cypher-interpreted-runtime-5.20.0.jar;C:\Users\topla\.m2\repository\org\neo4j\neo4j-cypher-slotted-runtime\5.20.0\neo4j-cypher-slotted-runtime-5.20.0.jar;C:\Users\topla\.m2\repository\org\apache\shiro\shiro-core\2.0.0\shiro-core-2.0.0.jar;C:\Users\topla\.m2\repository\org\apache\shiro\shiro-lang\2.0.0\shiro-lang-2.0.0.jar;C:\Users\topla\.m2\repository\org\apache\shiro\shiro-cache\2.0.0\shiro-cache-2.0.0.jar;C:\Users\topla\.m2\repository\org\apache\shiro\shiro-crypto-hash\2.0.0\shiro-crypto-hash-2.0.0.jar;C:\Users\topla\.m2\repository\org\apache\shiro\shiro-crypto-core\2.0.0\shiro-crypto-core-2.0.0.jar;C:\Users\topla\.m2\repository\org\apache\shiro\crypto\shiro-hashes-argon2\2.0.0\shiro-hashes-argon2-2.0.0.jar;C:\Users\topla\.m2\repository\org\apache\shiro\crypto\shiro-hashes-bcrypt\2.0.0\shiro-hashes-bcrypt-2.0.0.jar;C:\Users\topla\.m2\repository\org\apache\shiro\shiro-crypto-cipher\2.0.0\shiro-crypto-cipher-2.0.0.jar;C:\Users\topla\.m2\repository\org\apache\shiro\shiro-config-core\2.0.0\shiro-config-core-2.0.0.jar;C:\Users\topla\.m2\repository\org\apache\shiro\shiro-event\2.0.0\shiro-event-2.0.0.jar;C:\Users\topla\.m2\repository\commons-codec\commons-codec\1.16.1\commons-codec-1.16.1.jar;C:\Users\topla\.m2\repository\org\bitbucket\inkytonik\kiama\kiama_2.13\2.5.1\kiama_2.13-2.5.1.jar;C:\Users\topla\.m2\repository\org\neo4j\neo4j-security\5.20.0\neo4j-security-5.20.0.jar;C:\Users\topla\.m2\repository\org\neo4j\neo4j-command-line\5.20.0\neo4j-command-line-5.20.0.jar;C:\Users\topla\.m2\repository\info\picocli\picocli\4.7.5\picocli-4.7.5.jar;C:\Users\topla\.m2\repository\org\neo4j\neo4j-bolt\5.20.0\neo4j-bolt-5.20.0.jar;C:\Users\topla\.m2\repository\org\neo4j\neo4j-ssl\5.20.0\neo4j-ssl-5.20.0.jar;C:\Users\topla\.m2\repository\org\neo4j\server-api\5.20.0\server-api-5.20.0.jar;C:\Users\topla\.m2\repository\jakarta\ws\rs\jakarta.ws.rs-api\2.1.6\jakarta.ws.rs-api-2.1.6.jar;C:\Users\topla\.m2\repository\io\netty\netty-codec-http\4.1.109.Final\netty-codec-http-4.1.109.Final.jar;C:\Users\topla\.m2\repository\io\netty\netty-common\4.1.109.Final\netty-common-4.1.109.Final.jar;C:\Users\topla\.m2\repository\io\netty\netty-buffer\4.1.109.Final\netty-buffer-4.1.109.Final.jar;C:\Users\topla\.m2\repository\io\netty\netty-transport\4.1.109.Final\netty-transport-4.1.109.Final.jar;C:\Users\topla\.m2\repository\io\netty\netty-codec\4.1.109.Final\netty-codec-4.1.109.Final.jar;C:\Users\topla\.m2\repository\io\netty\netty-transport-native-epoll\4.1.109.Final\netty-transport-native-epoll-4.1.109.Final-linux-x86_64.jar;C:\Users\topla\.m2\repository\io\netty\netty-transport-native-unix-common\4.1.109.Final\netty-transport-native-unix-common-4.1.109.Final.jar;C:\Users\topla\.m2\repository\io\netty\netty-transport-classes-epoll\4.1.109.Final\netty-transport-classes-epoll-4.1.109.Final.jar;C:\Users\topla\.m2\repository\io\netty\netty-transport-native-epoll\4.1.109.Final\netty-transport-native-epoll-4.1.109.Final-linux-aarch_64.jar;C:\Users\topla\.m2\repository\io\netty\netty-transport-native-kqueue\4.1.109.Final\netty-transport-native-kqueue-4.1.109.Final-osx-x86_64.jar;C:\Users\topla\.m2\repository\io\netty\netty-transport-classes-kqueue\4.1.109.Final\netty-transport-classes-kqueue-4.1.109.Final.jar;C:\Users\topla\.m2\repository\io\netty\netty-transport-native-kqueue\4.1.109.Final\netty-transport-native-kqueue-4.1.109.Final-osx-aarch_64.jar;C:\Users\topla\.m2\repository\org\neo4j\neo4j-consistency-check\5.20.0\neo4j-consistency-check-5.20.0.jar;C:\Users\topla\.m2\repository\org\neo4j\neo4j-record-storage-engine\5.20.0\neo4j-record-storage-engine-5.20.0.jar;C:\Users\topla\.m2\repository\commons-io\commons-io\2.16.0\commons-io-2.16.0.jar;C:\Users\topla\.m2\repository\org\neo4j\neo4j-dbms\5.20.0\neo4j-dbms-5.20.0.jar;C:\Users\topla\.m2\repository\org\jprocesses\jProcesses\1.6.5\jProcesses-1.6.5.jar;C:\Users\topla\.m2\repository\com\profesorfalken\WMI4Java\1.6.3\WMI4Java-1.6.3.jar;C:\Users\topla\.m2\repository\com\profesorfalken\jPowerShell\3.0\jPowerShell-3.0.jar;C:\Users\topla\.m2\repository\org\apache\commons\commons-compress\1.26.1\commons-compress-1.26.1.jar;C:\Users\topla\.m2\repository\org\apache\commons\commons-text\1.11.0\commons-text-1.11.0.jar;C:\Users\topla\.m2\repository\org\apache\commons\commons-configuration2\2.10.1\commons-configuration2-2.10.1.jar;C:\Users\topla\.m2\repository\commons-logging\commons-logging\1.3.0\commons-logging-1.3.0.jar;C:\Users\topla\.m2\repository\org\neo4j\licensing-proxy\zstd-proxy\5.20.0\zstd-proxy-5.20.0.jar;C:\Users\topla\.m2\repository\com\github\luben\zstd-jni\1.5.6-2\zstd-jni-1.5.6-2.jar;C:\Users\topla\.m2\repository\org\neo4j\neo4j-import-tool\5.20.0\neo4j-import-tool-5.20.0.jar;C:\Users\topla\.m2\repository\org\neo4j\app\neo4j-server\5.20.0\neo4j-server-5.20.0.jar;C:\Users\topla\.m2\repository\org\eclipse\jetty\jetty-server\10.0.20\jetty-server-10.0.20.jar;C:\Users\topla\.m2\repository\org\eclipse\jetty\jetty-http\10.0.20\jetty-http-10.0.20.jar;C:\Users\topla\.m2\repository\org\eclipse\jetty\jetty-util\10.0.20\jetty-util-10.0.20.jar;C:\Users\topla\.m2\repository\org\eclipse\jetty\jetty-io\10.0.20\jetty-io-10.0.20.jar;C:\Users\topla\.m2\repository\org\eclipse\jetty\toolchain\jetty-servlet-api\4.0.6\jetty-servlet-api-4.0.6.jar;C:\Users\topla\.m2\repository\org\eclipse\jetty\http2\http2-server\10.0.20\http2-server-10.0.20.jar;C:\Users\topla\.m2\repository\org\eclipse\jetty\http2\http2-common\10.0.20\http2-common-10.0.20.jar;C:\Users\topla\.m2\repository\org\eclipse\jetty\http2\http2-hpack\10.0.20\http2-hpack-10.0.20.jar;C:\Users\topla\.m2\repository\org\eclipse\jetty\jetty-alpn-server\10.0.20\jetty-alpn-server-10.0.20.jar;C:\Users\topla\.m2\repository\org\eclipse\jetty\jetty-alpn-java-server\10.0.20\jetty-alpn-java-server-10.0.20.jar;C:\Users\topla\.m2\repository\org\eclipse\jetty\jetty-webapp\10.0.20\jetty-webapp-10.0.20.jar;C:\Users\topla\.m2\repository\org\eclipse\jetty\jetty-servlet\10.0.20\jetty-servlet-10.0.20.jar;C:\Users\topla\.m2\repository\org\eclipse\jetty\jetty-security\10.0.20\jetty-security-10.0.20.jar;C:\Users\topla\.m2\repository\org\eclipse\jetty\jetty-xml\10.0.20\jetty-xml-10.0.20.jar;C:\Users\topla\.m2\repository\org\glassfish\jersey\inject\jersey-hk2\2.34\jersey-hk2-2.34.jar;C:\Users\topla\.m2\repository\org\glassfish\jersey\core\jersey-common\2.34\jersey-common-2.34.jar;C:\Users\topla\.m2\repository\jakarta\annotation\jakarta.annotation-api\1.3.5\jakarta.annotation-api-1.3.5.jar;C:\Users\topla\.m2\repository\org\glassfish\hk2\external\jakarta.inject\2.6.1\jakarta.inject-2.6.1.jar;C:\Users\topla\.m2\repository\org\glassfish\hk2\hk2-locator\2.6.1\hk2-locator-2.6.1.jar;C:\Users\topla\.m2\repository\org\glassfish\hk2\hk2-api\2.6.1\hk2-api-2.6.1.jar;C:\Users\topla\.m2\repository\org\glassfish\hk2\hk2-utils\2.6.1\hk2-utils-2.6.1.jar;C:\Users\topla\.m2\repository\org\javassist\javassist\3.25.0-GA\javassist-3.25.0-GA.jar;C:\Users\topla\.m2\repository\org\glassfish\jersey\containers\jersey-container-servlet\2.34\jersey-container-servlet-2.34.jar;C:\Users\topla\.m2\repository\org\glassfish\jersey\containers\jersey-container-servlet-core\2.34\jersey-container-servlet-core-2.34.jar;C:\Users\topla\.m2\repository\org\glassfish\jersey\core\jersey-server\2.34\jersey-server-2.34.jar;C:\Users\topla\.m2\repository\org\glassfish\jersey\core\jersey-client\2.34\jersey-client-2.34.jar;C:\Users\topla\.m2\repository\jakarta\validation\jakarta.validation-api\2.0.2\jakarta.validation-api-2.0.2.jar;C:\Users\topla\.m2\repository\com\fasterxml\jackson\core\jackson-core\2.17.0\jackson-core-2.17.0.jar;C:\Users\topla\.m2\repository\com\fasterxml\jackson\jaxrs\jackson-jaxrs-json-provider\2.17.0\jackson-jaxrs-json-provider-2.17.0.jar;C:\Users\topla\.m2\repository\com\fasterxml\jackson\jaxrs\jackson-jaxrs-base\2.17.0\jackson-jaxrs-base-2.17.0.jar;C:\Users\topla\.m2\repository\com\fasterxml\jackson\module\jackson-module-jaxb-annotations\2.17.0\jackson-module-jaxb-annotations-2.17.0.jar;C:\Users\topla\.m2\repository\org\glassfish\jaxb\jaxb-runtime\2.3.2\jaxb-runtime-2.3.2.jar;C:\Users\topla\.m2\repository\org\glassfish\jaxb\txw2\2.3.2\txw2-2.3.2.jar;C:\Users\topla\.m2\repository\com\sun\istack\istack-commons-runtime\3.0.8\istack-commons-runtime-3.0.8.jar;C:\Users\topla\.m2\repository\org\jvnet\staxex\stax-ex\1.8.1\stax-ex-1.8.1.jar;C:\Users\topla\.m2\repository\com\sun\xml\fastinfoset\FastInfoset\1.2.16\FastInfoset-1.2.16.jar;C:\Users\topla\.m2\repository\jakarta\activation\jakarta.activation-api\1.2.1\jakarta.activation-api-1.2.1.jar;C:\Users\topla\.m2\repository\jakarta\xml\bind\jakarta.xml.bind-api\2.3.2\jakarta.xml.bind-api-2.3.2.jar;C:\Users\topla\.m2\repository\org\apache\arrow\flight-core\15.0.2\flight-core-15.0.2.jar;C:\Users\topla\.m2\repository\org\apache\arrow\arrow-format\15.0.2\arrow-format-15.0.2.jar;C:\Users\topla\.m2\repository\com\google\flatbuffers\flatbuffers-java\23.5.26\flatbuffers-java-23.5.26.jar;C:\Users\topla\.m2\repository\org\apache\arrow\arrow-vector\15.0.2\arrow-vector-15.0.2.jar;C:\Users\topla\.m2\repository\com\fasterxml\jackson\datatype\jackson-datatype-jsr310\2.16.0\jackson-datatype-jsr310-2.16.0.jar;C:\Users\topla\.m2\repository\org\apache\arrow\arrow-memory-core\15.0.2\arrow-memory-core-15.0.2.jar;C:\Users\topla\.m2\repository\org\apache\arrow\arrow-memory-netty\15.0.2\arrow-memory-netty-15.0.2.jar;C:\Users\topla\.m2\repository\io\netty\netty-tcnative-boringssl-static\2.0.61.Final\netty-tcnative-boringssl-static-2.0.61.Final.jar;C:\Users\topla\.m2\repository\io\netty\netty-tcnative-boringssl-static\2.0.61.Final\netty-tcnative-boringssl-static-2.0.61.Final-linux-x86_64.jar;C:\Users\topla\.m2\repository\io\netty\netty-tcnative-boringssl-static\2.0.61.Final\netty-tcnative-boringssl-static-2.0.61.Final-linux-aarch_64.jar;C:\Users\topla\.m2\repository\io\netty\netty-tcnative-boringssl-static\2.0.61.Final\netty-tcnative-boringssl-static-2.0.61.Final-osx-x86_64.jar;C:\Users\topla\.m2\repository\io\netty\netty-tcnative-boringssl-static\2.0.61.Final\netty-tcnative-boringssl-static-2.0.61.Final-osx-aarch_64.jar;C:\Users\topla\.m2\repository\io\netty\netty-tcnative-boringssl-static\2.0.61.Final\netty-tcnative-boringssl-static-2.0.61.Final-windows-x86_64.jar;C:\Users\topla\.m2\repository\com\google\guava\guava\33.0.0-jre\guava-33.0.0-jre.jar;C:\Users\topla\.m2\repository\com\google\guava\failureaccess\1.0.2\failureaccess-1.0.2.jar;C:\Users\topla\.m2\repository\com\google\guava\listenablefuture\9999.0-empty-to-avoid-conflict-with-guava\listenablefuture-9999.0-empty-to-avoid-conflict-with-guava.jar;C:\Users\topla\.m2\repository\com\google\protobuf\protobuf-java\3.23.1\protobuf-java-3.23.1.jar;C:\Users\topla\.m2\repository\io\grpc\grpc-api\1.62.2\grpc-api-1.62.2.jar;C:\Users\topla\.m2\repository\com\google\code\findbugs\jsr305\3.0.2\jsr305-3.0.2.jar;C:\Users\topla\.m2\repository\io\grpc\grpc-context\1.62.2\grpc-context-1.62.2.jar;C:\Users\topla\.m2\repository\io\grpc\grpc-core\1.62.2\grpc-core-1.62.2.jar;C:\Users\topla\.m2\repository\com\google\code\gson\gson\2.10.1\gson-2.10.1.jar;C:\Users\topla\.m2\repository\io\perfmark\perfmark-api\0.26.0\perfmark-api-0.26.0.jar;C:\Users\topla\.m2\repository\io\grpc\grpc-netty\1.62.2\grpc-netty-1.62.2.jar;C:\Users\topla\.m2\repository\io\netty\netty-handler-proxy\4.1.100.Final\netty-handler-proxy-4.1.100.Final.jar;C:\Users\topla\.m2\repository\io\netty\netty-codec-socks\4.1.100.Final\netty-codec-socks-4.1.100.Final.jar;C:\Users\topla\.m2\repository\io\grpc\grpc-util\1.62.2\grpc-util-1.62.2.jar;C:\Users\topla\.m2\repository\org\codehaus\mojo\animal-sniffer-annotations\1.23\animal-sniffer-annotations-1.23.jar;C:\Users\topla\.m2\repository\io\grpc\grpc-protobuf\1.62.2\grpc-protobuf-1.62.2.jar;C:\Users\topla\.m2\repository\com\google\api\grpc\proto-google-common-protos\2.29.0\proto-google-common-protos-2.29.0.jar;C:\Users\topla\.m2\repository\io\grpc\grpc-protobuf-lite\1.62.2\grpc-protobuf-lite-1.62.2.jar;C:\Users\topla\.m2\repository\io\grpc\grpc-stub\1.62.2\grpc-stub-1.62.2.jar;C:\Users\topla\.m2\repository\io\netty\netty-codec-http2\4.1.109.Final\netty-codec-http2-4.1.109.Final.jar;C:\Users\topla\.m2\repository\org\neo4j\neo4j-capabilities\5.20.0\neo4j-capabilities-5.20.0.jar;C:\Users\topla\.m2\repository\org\neo4j\neo4j-slf4j-provider\5.20.0\neo4j-slf4j-provider-5.20.0.jar;C:\Users\topla\.m2\repository\org\slf4j\slf4j-api\2.0.9\slf4j-api-2.0.9.jar;C:\Users\topla\.m2\repository\org\apache\logging\log4j\log4j-api\2.20.0\log4j-api-2.20.0.jar;C:\Users\topla\.m2\repository\org\neo4j\neo4j-udc\5.20.0\neo4j-udc-5.20.0.jar;C:\Users\topla\.m2\repository\org\neo4j\driver\neo4j-java-driver\5.20.0\neo4j-java-driver-5.20.0.jar;C:\Users\topla\.m2\repository\org\reactivestreams\reactive-streams\1.0.4\reactive-streams-1.0.4.jar;C:\Users\topla\.m2\repository\io\netty\netty-handler\4.1.109.Final\netty-handler-4.1.109.Final.jar;C:\Users\topla\.m2\repository\io\netty\netty-resolver\4.1.109.Final\netty-resolver-4.1.109.Final.jar;C:\Users\topla\.m2\repository\io\netty\netty-tcnative-classes\2.0.65.Final\netty-tcnative-classes-2.0.65.Final.jar;C:\Users\topla\.m2\repository\junit\junit\3.8.1\junit-3.8.1.jar;"/>
    <property name="sun.cpu.endian" value="little"/>
    <property name="user.home" value="C:\Users\topla"/>
    <property name="user.language" value="en"/>
    <property name="java.specification.vendor" value="Oracle Corporation"/>
    <property name="java.version.date" value="2024-01-16"/>
    <property name="java.home" value="C:\Program Files\Java\jdk-17"/>
    <property name="file.separator" value="\"/>
    <property name="basedir" value="C:\Users\topla\Desktop\PROJECTS\mvn\neo4j-plugin-example"/>
    <property name="java.vm.compressedOopsMode" value="Zero based"/>
    <property name="line.separator" value="&#10;"/>
    <property name="java.vm.specification.vendor" value="Oracle Corporation"/>
    <property name="java.specification.name" value="Java Platform API Specification"/>
    <property name="surefire.real.class.path" value="C:\Users\topla\AppData\Local\Temp\surefire3052774082866412383\surefirebooter-20240901215637867_3.jar"/>
    <property name="user.script" value=""/>
    <property name="sun.management.compiler" value="HotSpot 64-Bit Tiered Compilers"/>
    <property name="java.runtime.version" value="17.0.10+11-LTS-240"/>
    <property name="user.name" value="ASUS ZEPHYRUS"/>
    <property name="path.separator" value=";"/>
    <property name="os.version" value="10.0"/>
    <property name="java.runtime.name" value="Java(TM) SE Runtime Environment"/>
    <property name="file.encoding" value="Cp1252"/>
    <property name="java.vm.name" value="Java HotSpot(TM) 64-Bit Server VM"/>
    <property name="localRepository" value="C:\Users\topla\.m2\repository"/>
    <property name="java.vendor.url.bug" value="https://bugreport.java.com/bugreport/"/>
    <property name="java.io.tmpdir" value="C:\Users\topla\AppData\Local\Temp\"/>
    <property name="java.version" value="17.0.10"/>
    <property name="user.dir" value="C:\Users\topla\Desktop\PROJECTS\mvn\neo4j-plugin-example"/>
    <property name="os.arch" value="amd64"/>
    <property name="java.vm.specification.name" value="Java Virtual Machine Specification"/>
    <property name="sun.os.patch.level" value=""/>
    <property name="native.encoding" value="Cp1252"/>
    <property name="java.library.path" value="C:\Program Files\Java\jdk-17\bin;C:\WINDOWS\Sun\Java\bin;C:\WINDOWS\system32;C:\WINDOWS;C:\Users\topla\bin;C:\Program Files\Git\mingw64\bin;C:\Program Files\Git\usr\local\bin;C:\Program Files\Git\usr\bin;C:\Program Files\Git\usr\bin;C:\Program Files\Git\mingw64\bin;C:\Program Files\Git\usr\bin;C:\Users\topla\bin;C:\Program Files\Common Files\Oracle\Java\javapath;C:\Program Files (x86)\Common Files\Oracle\Java\java8path;C:\Program Files (x86)\Common Files\Oracle\Java\javapath;C:\Python312\Scripts;C:\Python312;C:\Windows\system32;C:\Windows;C:\Windows\System32\Wbem;C:\Windows\System32\WindowsPowerShell\v1.0;C:\Windows\System32\OpenSSH;C:\Program Files (x86)\NVIDIA Corporation\PhysX\Common;C:\Program Files\NVIDIA Corporation\NVIDIA NvDLISR;C:\WINDOWS\system32;C:\WINDOWS;C:\WINDOWS\System32\Wbem;C:\WINDOWS\System32\WindowsPowerShell\v1.0;C:\WINDOWS\System32\OpenSSH;C:\Program Files\Git\cmd;C:\Program Files (x86)\Bitvise SSH Client;C:\ProgramData\chocolatey\bin;C:\Program Files\dotnet;C:\Users\topla\AppData\Roaming\nvm;C:\Program Files\nodejs;C:\Users\topla\AppData\Local\Android\Sdk\platform-tools;C:\Users\topla\AppData\Local\Android\Sdk\tools;C:\Users\topla\AppData\Local\jdk-11.0.2\bin;C:\Users\topla\AppData\Local\Android\Sdk\platform-tools;C:\Users\topla\AppData\Local\Android\Sdk\tools;C:\Users\topla\AppData\Local\jdk-11.0.2\bin;C:\Users\topla\AppData\Local\Microsoft\WindowsApps;C:\Users\topla\AppData\Local\Programs\Microsoft VS Code\bin;C:\Users\topla\AppData\Local\Microsoft\WinGet\Packages\Schniz.fnm_Microsoft.Winget.Source_8wekyb3d8bbwe;C:\Users\topla\AppData\Roaming\npm;C:\Program Files\JetBrains\DataGrip 2024.1.4\bin;C:\ProgramData\chocolatey\lib\ffmpeg\tools\ffmpeg\bin;C:\Program Files (x86)\Nmap;C:\Program Files\PostgreSQL\16\bin;C:\maven\bin;C:\Users\topla\AppData\Roaming\nvm;C:\Program Files\nodejs;C:\Program Files\Git\usr\bin\vendor_perl;C:\Program Files\Git\usr\bin\core_perl;."/>
    <property name="java.vm.info" value="mixed mode, sharing"/>
    <property name="java.vendor" value="Oracle Corporation"/>
    <property name="java.vm.version" value="17.0.10+11-LTS-240"/>
    <property name="sun.io.unicode.encoding" value="UnicodeLittle"/>
    <property name="java.class.version" value="61.0"/>
  </properties>
  <testcase name="testApp" classname="com.yens.AppTest" time="0.002"/>
</testsuite>